[2014-06-16 18:13:08] request.ERROR: Uncaught PHP Exception Symfony\Component\HttpKernel\Exception\NotFoundHttpException: "No route found for "GET /"" at /Applications/MAMP/htdocs/eventus/project/vendor/symfony/symfony/src/Symfony/Component/HttpKernel/EventListener/RouterListener.php line 116 {"exception":"[object] (Symfony\\Component\\HttpKernel\\Exception\\NotFoundHttpException: No route found for \"GET /\" at /Applications/MAMP/htdocs/eventus/project/vendor/symfony/symfony/src/Symfony/Component/HttpKernel/EventListener/RouterListener.php:116, Symfony\\Component\\Routing\\Exception\\ResourceNotFoundException:  at /Applications/MAMP/htdocs/eventus/project/app/cache/prod/appProdUrlMatcher.php:30)"} []
[2014-06-16 18:14:44] request.ERROR: Uncaught PHP Exception Symfony\Component\HttpKernel\Exception\NotFoundHttpException: "No route found for "GET /"" at /Applications/MAMP/htdocs/eventus/project/vendor/symfony/symfony/src/Symfony/Component/HttpKernel/EventListener/RouterListener.php line 116 {"exception":"[object] (Symfony\\Component\\HttpKernel\\Exception\\NotFoundHttpException: No route found for \"GET /\" at /Applications/MAMP/htdocs/eventus/project/vendor/symfony/symfony/src/Symfony/Component/HttpKernel/EventListener/RouterListener.php:116, Symfony\\Component\\Routing\\Exception\\ResourceNotFoundException:  at /Applications/MAMP/htdocs/eventus/project/app/cache/prod/appProdUrlMatcher.php:30)"} []
[2014-06-16 18:16:56] request.ERROR: Uncaught PHP Exception Symfony\Component\HttpKernel\Exception\NotFoundHttpException: "No route found for "GET /"" at /Applications/MAMP/htdocs/eventus/project/app/cache/prod/classes.php line 1877 {"exception":"[object] (Symfony\\Component\\HttpKernel\\Exception\\NotFoundHttpException: No route found for \"GET /\" at /Applications/MAMP/htdocs/eventus/project/app/cache/prod/classes.php:1877, Symfony\\Component\\Routing\\Exception\\ResourceNotFoundException:  at /Applications/MAMP/htdocs/eventus/project/app/cache/prod/appProdUrlMatcher.php:30)"} []
[2014-06-16 18:18:56] request.ERROR: Uncaught PHP Exception Symfony\Component\HttpKernel\Exception\NotFoundHttpException: "No route found for "GET /"" at /Applications/MAMP/htdocs/eventus/project/app/cache/prod/classes.php line 1877 {"exception":"[object] (Symfony\\Component\\HttpKernel\\Exception\\NotFoundHttpException: No route found for \"GET /\" at /Applications/MAMP/htdocs/eventus/project/app/cache/prod/classes.php:1877, Symfony\\Component\\Routing\\Exception\\ResourceNotFoundException:  at /Applications/MAMP/htdocs/eventus/project/app/cache/prod/appProdUrlMatcher.php:30)"} []
[2014-06-16 18:39:09] request.ERROR: Uncaught PHP Exception Symfony\Component\HttpKernel\Exception\NotFoundHttpException: "No route found for "GET /bundles/framework/images/input_bg.gif"" at /Applications/MAMP/htdocs/eventus/project/app/cache/prod/classes.php line 1877 {"exception":"[object] (Symfony\\Component\\HttpKernel\\Exception\\NotFoundHttpException: No route found for \"GET /bundles/framework/images/input_bg.gif\" at /Applications/MAMP/htdocs/eventus/project/app/cache/prod/classes.php:1877, Symfony\\Component\\Routing\\Exception\\ResourceNotFoundException:  at /Applications/MAMP/htdocs/eventus/project/app/cache/prod/appProdUrlMatcher.php:30)"} []
[2014-06-16 19:36:06] request.ERROR: Uncaught PHP Exception Symfony\Component\HttpKernel\Exception\NotFoundHttpException: "No route found for "GET /"" at /Applications/MAMP/htdocs/eventus/project/app/cache/prod/classes.php line 1877 {"exception":"[object] (Symfony\\Component\\HttpKernel\\Exception\\NotFoundHttpException: No route found for \"GET /\" at /Applications/MAMP/htdocs/eventus/project/app/cache/prod/classes.php:1877, Symfony\\Component\\Routing\\Exception\\ResourceNotFoundException:  at /Applications/MAMP/htdocs/eventus/project/app/cache/prod/appProdUrlMatcher.php:30)"} []
[2014-06-16 19:50:15] request.ERROR: Uncaught PHP Exception Symfony\Component\HttpKernel\Exception\NotFoundHttpException: "No route found for "GET /hello/miguel/fuertes"" at /Applications/MAMP/htdocs/eventus/project/app/cache/prod/classes.php line 1877 {"exception":"[object] (Symfony\\Component\\HttpKernel\\Exception\\NotFoundHttpException: No route found for \"GET /hello/miguel/fuertes\" at /Applications/MAMP/htdocs/eventus/project/app/cache/prod/classes.php:1877, Symfony\\Component\\Routing\\Exception\\ResourceNotFoundException:  at /Applications/MAMP/htdocs/eventus/project/app/cache/prod/appProdUrlMatcher.php:30)"} []
[2014-06-16 19:50:34] request.ERROR: Uncaught PHP Exception Symfony\Component\HttpKernel\Exception\NotFoundHttpException: "No route found for "GET /hello/miguel/fuertes"" at /Applications/MAMP/htdocs/eventus/project/app/cache/prod/classes.php line 1877 {"exception":"[object] (Symfony\\Component\\HttpKernel\\Exception\\NotFoundHttpException: No route found for \"GET /hello/miguel/fuertes\" at /Applications/MAMP/htdocs/eventus/project/app/cache/prod/classes.php:1877, Symfony\\Component\\Routing\\Exception\\ResourceNotFoundException:  at /Applications/MAMP/htdocs/eventus/project/app/cache/prod/appProdUrlMatcher.php:30)"} []
[2014-06-16 19:50:39] request.ERROR: Uncaught PHP Exception Symfony\Component\HttpKernel\Exception\NotFoundHttpException: "No route found for "GET /hello/miguel/fuertes"" at /Applications/MAMP/htdocs/eventus/project/app/cache/prod/classes.php line 1877 {"exception":"[object] (Symfony\\Component\\HttpKernel\\Exception\\NotFoundHttpException: No route found for \"GET /hello/miguel/fuertes\" at /Applications/MAMP/htdocs/eventus/project/app/cache/prod/classes.php:1877, Symfony\\Component\\Routing\\Exception\\ResourceNotFoundException:  at /Applications/MAMP/htdocs/eventus/project/app/cache/prod/appProdUrlMatcher.php:30)"} []
[2014-06-16 19:50:39] request.ERROR: Uncaught PHP Exception Symfony\Component\HttpKernel\Exception\NotFoundHttpException: "No route found for "GET /hello/miguel/fuertes"" at /Applications/MAMP/htdocs/eventus/project/app/cache/prod/classes.php line 1877 {"exception":"[object] (Symfony\\Component\\HttpKernel\\Exception\\NotFoundHttpException: No route found for \"GET /hello/miguel/fuertes\" at /Applications/MAMP/htdocs/eventus/project/app/cache/prod/classes.php:1877, Symfony\\Component\\Routing\\Exception\\ResourceNotFoundException:  at /Applications/MAMP/htdocs/eventus/project/app/cache/prod/appProdUrlMatcher.php:30)"} []
[2014-06-16 19:54:22] request.ERROR: Uncaught PHP Exception Symfony\Component\HttpKernel\Exception\NotFoundHttpException: "No route found for "GET /hello/miguel/fuertes"" at /Applications/MAMP/htdocs/eventus/project/app/cache/prod/classes.php line 1877 {"exception":"[object] (Symfony\\Component\\HttpKernel\\Exception\\NotFoundHttpException: No route found for \"GET /hello/miguel/fuertes\" at /Applications/MAMP/htdocs/eventus/project/app/cache/prod/classes.php:1877, Symfony\\Component\\Routing\\Exception\\ResourceNotFoundException:  at /Applications/MAMP/htdocs/eventus/project/app/cache/prod/appProdUrlMatcher.php:30)"} []
[2014-06-17 17:58:58] event.DEBUG: Notified event "kernel.request" to listener "Symfony\Bundle\FrameworkBundle\EventListener\SessionListener::onKernelRequest". [] []
[2014-06-17 17:58:58] event.DEBUG: Notified event "kernel.request" to listener "Symfony\Component\HttpKernel\EventListener\FragmentListener::onKernelRequest". [] []
[2014-06-17 17:58:58] event.DEBUG: Notified event "kernel.request" to listener "Symfony\Component\HttpKernel\EventListener\RouterListener::onKernelRequest". [] []
[2014-06-17 17:58:58] event.DEBUG: Notified event "kernel.exception" to listener "Symfony\Component\HttpKernel\EventListener\ExceptionListener::onKernelException". [] []
[2014-06-17 17:58:58] request.ERROR: Uncaught PHP Exception Symfony\Component\HttpKernel\Exception\NotFoundHttpException: "No route found for "GET /"" at /Applications/MAMP/htdocs/eventus/project/app/cache/prod/classes.php line 1877 {"exception":"[object] (Symfony\\Component\\HttpKernel\\Exception\\NotFoundHttpException: No route found for \"GET /\" at /Applications/MAMP/htdocs/eventus/project/app/cache/prod/classes.php:1877, Symfony\\Component\\Routing\\Exception\\ResourceNotFoundException:  at /Applications/MAMP/htdocs/eventus/project/app/cache/prod/appProdUrlMatcher.php:66)"} []
[2014-06-17 17:58:58] event.DEBUG: Notified event "kernel.request" to listener "closure". [] []
[2014-06-17 17:58:58] event.DEBUG: Notified event "kernel.request" to listener "Symfony\Bundle\FrameworkBundle\EventListener\SessionListener::onKernelRequest". [] []
[2014-06-17 17:58:58] event.DEBUG: Notified event "kernel.request" to listener "closure". [] []
[2014-06-17 17:58:58] event.DEBUG: Notified event "kernel.request" to listener "Symfony\Component\HttpKernel\EventListener\FragmentListener::onKernelRequest". [] []
[2014-06-17 17:58:58] event.DEBUG: Notified event "kernel.request" to listener "closure". [] []
[2014-06-17 17:58:58] event.DEBUG: Notified event "kernel.request" to listener "Symfony\Component\HttpKernel\EventListener\RouterListener::onKernelRequest". [] []
[2014-06-17 17:58:58] event.DEBUG: Notified event "kernel.request" to listener "closure". [] []
[2014-06-17 17:58:58] event.DEBUG: Notified event "kernel.request" to listener "FOS\RestBundle\EventListener\FormatListener::onKernelRequest". [] []
[2014-06-17 17:58:58] event.DEBUG: Notified event "kernel.request" to listener "closure". [] []
[2014-06-17 17:58:58] event.DEBUG: Notified event "kernel.request" to listener "Symfony\Component\HttpKernel\EventListener\LocaleListener::onKernelRequest". [] []
[2014-06-17 17:58:58] event.DEBUG: Notified event "kernel.request" to listener "closure". [] []
[2014-06-17 17:58:58] event.DEBUG: Notified event "kernel.request" to listener "FOS\RestBundle\EventListener\BodyListener::onKernelRequest". [] []
[2014-06-17 17:58:58] event.DEBUG: Notified event "kernel.request" to listener "closure". [] []
[2014-06-17 17:58:58] event.DEBUG: Notified event "kernel.request" to listener "Symfony\Component\Security\Http\Firewall::onKernelRequest". [] []
[2014-06-17 17:58:58] event.DEBUG: Notified event "kernel.request" to listener "closure". [] []
[2014-06-17 17:58:58] event.DEBUG: Notified event "kernel.request" to listener "Symfony\Component\HttpKernel\EventListener\ErrorsLoggerListener::injectLogger". [] []
[2014-06-17 17:58:58] event.DEBUG: Notified event "kernel.request" to listener "closure". [] []
[2014-06-17 17:58:58] event.DEBUG: Notified event "kernel.request" to listener "Symfony\Component\HttpKernel\EventListener\ErrorsLoggerListener::injectLogger". [] []
[2014-06-17 17:58:58] event.DEBUG: Notified event "kernel.controller" to listener "Sensio\Bundle\FrameworkExtraBundle\EventListener\ControllerListener::onKernelController". [] []
[2014-06-17 17:58:58] event.DEBUG: Notified event "kernel.controller" to listener "Sensio\Bundle\FrameworkExtraBundle\EventListener\ParamConverterListener::onKernelController". [] []
[2014-06-17 17:58:58] event.DEBUG: Notified event "kernel.controller" to listener "FOS\RestBundle\EventListener\ViewResponseListener::onKernelController". [] []
[2014-06-17 17:58:59] event.DEBUG: Notified event "kernel.response" to listener "Symfony\Component\HttpKernel\EventListener\ResponseListener::onKernelResponse". [] []
[2014-06-17 17:58:59] event.DEBUG: Notified event "kernel.response" to listener "Symfony\Component\Security\Http\RememberMe\ResponseListener::onKernelResponse". [] []
[2014-06-17 17:58:59] event.DEBUG: Notified event "kernel.response" to listener "Sensio\Bundle\FrameworkExtraBundle\EventListener\CacheListener::onKernelResponse". [] []
[2014-06-17 17:58:59] event.DEBUG: Notified event "kernel.response" to listener "Symfony\Component\HttpKernel\EventListener\StreamedResponseListener::onKernelResponse". [] []
[2014-06-17 17:58:59] event.DEBUG: Listener "Symfony\Component\HttpKernel\EventListener\ExceptionListener::onKernelException" stopped propagation of the event "kernel.exception". [] []
[2014-06-17 17:58:59] event.DEBUG: Notified event "kernel.response" to listener "Symfony\Component\HttpKernel\EventListener\ResponseListener::onKernelResponse". [] []
[2014-06-17 17:58:59] event.DEBUG: Notified event "kernel.response" to listener "Symfony\Component\Security\Http\RememberMe\ResponseListener::onKernelResponse". [] []
[2014-06-17 17:58:59] event.DEBUG: Notified event "kernel.response" to listener "Sensio\Bundle\FrameworkExtraBundle\EventListener\CacheListener::onKernelResponse". [] []
[2014-06-17 17:58:59] event.DEBUG: Notified event "kernel.response" to listener "Symfony\Component\HttpKernel\EventListener\StreamedResponseListener::onKernelResponse". [] []
[2014-06-17 17:58:59] event.DEBUG: Notified event "kernel.terminate" to listener "Symfony\Bundle\SwiftmailerBundle\EventListener\EmailSenderListener::onTerminate". [] []
[2014-06-17 17:59:14] event.DEBUG: Notified event "kernel.request" to listener "Symfony\Bundle\FrameworkBundle\EventListener\SessionListener::onKernelRequest". [] []
[2014-06-17 17:59:14] event.DEBUG: Notified event "kernel.request" to listener "Symfony\Component\HttpKernel\EventListener\FragmentListener::onKernelRequest". [] []
[2014-06-17 17:59:14] event.DEBUG: Notified event "kernel.request" to listener "Symfony\Component\HttpKernel\EventListener\RouterListener::onKernelRequest". [] []
[2014-06-17 17:59:14] request.INFO: Matched route "get_users" (parameters: "_controller": "Eventus\MainBundle\Controller\UsersController::getUsersAction", "_format": "null", "_route": "get_users") [] []
[2014-06-17 17:59:14] event.DEBUG: Notified event "kernel.request" to listener "FOS\RestBundle\EventListener\FormatListener::onKernelRequest". [] []
[2014-06-17 17:59:14] event.DEBUG: Notified event "kernel.request" to listener "Symfony\Component\HttpKernel\EventListener\LocaleListener::onKernelRequest". [] []
[2014-06-17 17:59:14] event.DEBUG: Notified event "kernel.request" to listener "FOS\RestBundle\EventListener\BodyListener::onKernelRequest". [] []
[2014-06-17 17:59:14] event.DEBUG: Notified event "kernel.request" to listener "Symfony\Component\Security\Http\Firewall::onKernelRequest". [] []
[2014-06-17 17:59:14] event.DEBUG: Notified event "kernel.request" to listener "Symfony\Component\HttpKernel\EventListener\ErrorsLoggerListener::injectLogger". [] []
[2014-06-17 17:59:14] event.DEBUG: Notified event "kernel.request" to listener "Symfony\Component\HttpKernel\EventListener\ErrorsLoggerListener::injectLogger". [] []
[2014-06-17 17:59:14] event.DEBUG: Notified event "kernel.controller" to listener "Sensio\Bundle\FrameworkExtraBundle\EventListener\ControllerListener::onKernelController". [] []
[2014-06-17 17:59:14] event.DEBUG: Notified event "kernel.controller" to listener "Sensio\Bundle\FrameworkExtraBundle\EventListener\ParamConverterListener::onKernelController". [] []
[2014-06-17 17:59:14] event.DEBUG: Notified event "kernel.controller" to listener "FOS\RestBundle\EventListener\ViewResponseListener::onKernelController". [] []
[2014-06-17 17:59:14] doctrine.DEBUG: SELECT t0.id AS id1, t0.username AS username2, t0.password AS password3, t0.email AS email4 FROM User t0 [] []
[2014-06-17 17:59:14] event.DEBUG: Notified event "kernel.view" to listener "FOS\RestBundle\EventListener\ViewResponseListener::onKernelView". [] []
[2014-06-17 17:59:14] event.DEBUG: Notified event "kernel.exception" to listener "Symfony\Component\HttpKernel\EventListener\ExceptionListener::onKernelException". [] []
[2014-06-17 17:59:14] request.CRITICAL: Uncaught PHP Exception InvalidArgumentException: "Unable to find template "EventusMainBundle:Users:getUsers.html.twig"." at /Applications/MAMP/htdocs/eventus/project/vendor/symfony/symfony/src/Symfony/Bridge/Twig/TwigEngine.php line 133 {"exception":"[object] (InvalidArgumentException: Unable to find template \"EventusMainBundle:Users:getUsers.html.twig\". at /Applications/MAMP/htdocs/eventus/project/vendor/symfony/symfony/src/Symfony/Bridge/Twig/TwigEngine.php:133, Twig_Error_Loader: Unable to find template \"EventusMainBundle:Users:getUsers.html.twig\". at /Applications/MAMP/htdocs/eventus/project/vendor/symfony/symfony/src/Symfony/Bundle/TwigBundle/Loader/FilesystemLoader.php:105, InvalidArgumentException: Unable to find template \"EventusMainBundle:Users:getUsers.html.twig\" : \"Unable to find file \"@EventusMainBundle/Resources/views/Users/getUsers.html.twig\".\". at /Applications/MAMP/htdocs/eventus/project/vendor/symfony/symfony/src/Symfony/Bundle/FrameworkBundle/Templating/Loader/TemplateLocator.php:81, InvalidArgumentException: Unable to find file \"@EventusMainBundle/Resources/views/Users/getUsers.html.twig\". at /Applications/MAMP/htdocs/eventus/project/app/bootstrap.php.cache:2318)"} []
[2014-06-17 17:59:14] event.DEBUG: Notified event "kernel.request" to listener "Symfony\Bundle\FrameworkBundle\EventListener\SessionListener::onKernelRequest". [] []
[2014-06-17 17:59:14] event.DEBUG: Notified event "kernel.request" to listener "Symfony\Component\HttpKernel\EventListener\FragmentListener::onKernelRequest". [] []
[2014-06-17 17:59:14] event.DEBUG: Notified event "kernel.request" to listener "Symfony\Component\HttpKernel\EventListener\RouterListener::onKernelRequest". [] []
[2014-06-17 17:59:14] event.DEBUG: Notified event "kernel.request" to listener "FOS\RestBundle\EventListener\FormatListener::onKernelRequest". [] []
[2014-06-17 17:59:14] event.DEBUG: Notified event "kernel.request" to listener "Symfony\Component\HttpKernel\EventListener\LocaleListener::onKernelRequest". [] []
[2014-06-17 17:59:14] event.DEBUG: Notified event "kernel.request" to listener "FOS\RestBundle\EventListener\BodyListener::onKernelRequest". [] []
[2014-06-17 17:59:14] event.DEBUG: Notified event "kernel.request" to listener "Symfony\Component\Security\Http\Firewall::onKernelRequest". [] []
[2014-06-17 17:59:14] event.DEBUG: Notified event "kernel.request" to listener "Symfony\Component\HttpKernel\EventListener\ErrorsLoggerListener::injectLogger". [] []
[2014-06-17 17:59:14] event.DEBUG: Notified event "kernel.request" to listener "Symfony\Component\HttpKernel\EventListener\ErrorsLoggerListener::injectLogger". [] []
[2014-06-17 17:59:14] event.DEBUG: Notified event "kernel.controller" to listener "Sensio\Bundle\FrameworkExtraBundle\EventListener\ControllerListener::onKernelController". [] []
[2014-06-17 17:59:14] event.DEBUG: Notified event "kernel.controller" to listener "Sensio\Bundle\FrameworkExtraBundle\EventListener\ParamConverterListener::onKernelController". [] []
[2014-06-17 17:59:14] event.DEBUG: Notified event "kernel.controller" to listener "FOS\RestBundle\EventListener\ViewResponseListener::onKernelController". [] []
[2014-06-17 17:59:15] event.DEBUG: Notified event "kernel.response" to listener "Symfony\Component\HttpKernel\EventListener\ResponseListener::onKernelResponse". [] []
[2014-06-17 17:59:15] event.DEBUG: Notified event "kernel.response" to listener "Symfony\Component\Security\Http\RememberMe\ResponseListener::onKernelResponse". [] []
[2014-06-17 17:59:15] event.DEBUG: Notified event "kernel.response" to listener "Sensio\Bundle\FrameworkExtraBundle\EventListener\CacheListener::onKernelResponse". [] []
[2014-06-17 17:59:15] event.DEBUG: Notified event "kernel.response" to listener "Symfony\Component\HttpKernel\EventListener\StreamedResponseListener::onKernelResponse". [] []
[2014-06-17 17:59:15] event.DEBUG: Listener "Symfony\Component\HttpKernel\EventListener\ExceptionListener::onKernelException" stopped propagation of the event "kernel.exception". [] []
[2014-06-17 17:59:15] event.DEBUG: Notified event "kernel.response" to listener "Symfony\Component\HttpKernel\EventListener\ResponseListener::onKernelResponse". [] []
[2014-06-17 17:59:15] event.DEBUG: Notified event "kernel.response" to listener "Symfony\Component\Security\Http\RememberMe\ResponseListener::onKernelResponse". [] []
[2014-06-17 17:59:15] event.DEBUG: Notified event "kernel.response" to listener "Sensio\Bundle\FrameworkExtraBundle\EventListener\CacheListener::onKernelResponse". [] []
[2014-06-17 17:59:15] event.DEBUG: Notified event "kernel.response" to listener "Symfony\Component\HttpKernel\EventListener\StreamedResponseListener::onKernelResponse". [] []
[2014-06-17 17:59:15] event.DEBUG: Notified event "kernel.terminate" to listener "Symfony\Bundle\SwiftmailerBundle\EventListener\EmailSenderListener::onTerminate". [] []
[2014-06-17 18:04:49] event.DEBUG: Notified event "kernel.request" to listener "Symfony\Bundle\FrameworkBundle\EventListener\SessionListener::onKernelRequest". [] []
[2014-06-17 18:04:49] event.DEBUG: Notified event "kernel.request" to listener "Symfony\Component\HttpKernel\EventListener\FragmentListener::onKernelRequest". [] []
[2014-06-17 18:04:49] event.DEBUG: Notified event "kernel.request" to listener "Symfony\Component\HttpKernel\EventListener\RouterListener::onKernelRequest". [] []
[2014-06-17 18:04:49] event.DEBUG: Notified event "kernel.exception" to listener "Symfony\Component\HttpKernel\EventListener\ExceptionListener::onKernelException". [] []
[2014-06-17 18:04:49] request.ERROR: Uncaught PHP Exception Symfony\Component\HttpKernel\Exception\NotFoundHttpException: "No route found for "GET /hello"" at /Applications/MAMP/htdocs/eventus/project/app/cache/prod/classes.php line 3529 {"exception":"[object] (Symfony\\Component\\HttpKernel\\Exception\\NotFoundHttpException: No route found for \"GET /hello\" at /Applications/MAMP/htdocs/eventus/project/app/cache/prod/classes.php:3529, Symfony\\Component\\Routing\\Exception\\ResourceNotFoundException:  at /Applications/MAMP/htdocs/eventus/project/app/cache/prod/appProdUrlMatcher.php:66)"} []
[2014-06-17 18:04:49] event.DEBUG: Notified event "kernel.request" to listener "closure". [] []
[2014-06-17 18:04:49] event.DEBUG: Notified event "kernel.request" to listener "Symfony\Bundle\FrameworkBundle\EventListener\SessionListener::onKernelRequest". [] []
[2014-06-17 18:04:49] event.DEBUG: Notified event "kernel.request" to listener "closure". [] []
[2014-06-17 18:04:49] event.DEBUG: Notified event "kernel.request" to listener "Symfony\Component\HttpKernel\EventListener\FragmentListener::onKernelRequest". [] []
[2014-06-17 18:04:49] event.DEBUG: Notified event "kernel.request" to listener "closure". [] []
[2014-06-17 18:04:49] event.DEBUG: Notified event "kernel.request" to listener "Symfony\Component\HttpKernel\EventListener\RouterListener::onKernelRequest". [] []
[2014-06-17 18:04:49] event.DEBUG: Notified event "kernel.request" to listener "closure". [] []
[2014-06-17 18:04:49] event.DEBUG: Notified event "kernel.request" to listener "FOS\RestBundle\EventListener\FormatListener::onKernelRequest". [] []
[2014-06-17 18:04:49] event.DEBUG: Notified event "kernel.request" to listener "closure". [] []
[2014-06-17 18:04:49] event.DEBUG: Notified event "kernel.request" to listener "Symfony\Component\HttpKernel\EventListener\LocaleListener::onKernelRequest". [] []
[2014-06-17 18:04:49] event.DEBUG: Notified event "kernel.request" to listener "closure". [] []
[2014-06-17 18:04:49] event.DEBUG: Notified event "kernel.request" to listener "FOS\RestBundle\EventListener\BodyListener::onKernelRequest". [] []
[2014-06-17 18:04:49] event.DEBUG: Notified event "kernel.request" to listener "closure". [] []
[2014-06-17 18:04:49] event.DEBUG: Notified event "kernel.request" to listener "Symfony\Component\Security\Http\Firewall::onKernelRequest". [] []
[2014-06-17 18:04:49] event.DEBUG: Notified event "kernel.request" to listener "closure". [] []
[2014-06-17 18:04:49] event.DEBUG: Notified event "kernel.request" to listener "Symfony\Component\HttpKernel\EventListener\ErrorsLoggerListener::injectLogger". [] []
[2014-06-17 18:04:49] event.DEBUG: Notified event "kernel.request" to listener "closure". [] []
[2014-06-17 18:04:49] event.DEBUG: Notified event "kernel.request" to listener "Symfony\Component\HttpKernel\EventListener\ErrorsLoggerListener::injectLogger". [] []
[2014-06-17 18:04:49] event.DEBUG: Notified event "kernel.controller" to listener "Sensio\Bundle\FrameworkExtraBundle\EventListener\ControllerListener::onKernelController". [] []
[2014-06-17 18:04:49] event.DEBUG: Notified event "kernel.controller" to listener "Sensio\Bundle\FrameworkExtraBundle\EventListener\ParamConverterListener::onKernelController". [] []
[2014-06-17 18:04:49] event.DEBUG: Notified event "kernel.controller" to listener "FOS\RestBundle\EventListener\ViewResponseListener::onKernelController". [] []
[2014-06-17 18:04:50] event.DEBUG: Notified event "kernel.response" to listener "Symfony\Component\HttpKernel\EventListener\ResponseListener::onKernelResponse". [] []
[2014-06-17 18:04:50] event.DEBUG: Notified event "kernel.response" to listener "Symfony\Component\Security\Http\RememberMe\ResponseListener::onKernelResponse". [] []
[2014-06-17 18:04:50] event.DEBUG: Notified event "kernel.response" to listener "Sensio\Bundle\FrameworkExtraBundle\EventListener\CacheListener::onKernelResponse". [] []
[2014-06-17 18:04:50] event.DEBUG: Notified event "kernel.response" to listener "Symfony\Component\HttpKernel\EventListener\StreamedResponseListener::onKernelResponse". [] []
[2014-06-17 18:04:50] event.DEBUG: Listener "Symfony\Component\HttpKernel\EventListener\ExceptionListener::onKernelException" stopped propagation of the event "kernel.exception". [] []
[2014-06-17 18:04:50] event.DEBUG: Notified event "kernel.response" to listener "Symfony\Component\HttpKernel\EventListener\ResponseListener::onKernelResponse". [] []
[2014-06-17 18:04:50] event.DEBUG: Notified event "kernel.response" to listener "Symfony\Component\Security\Http\RememberMe\ResponseListener::onKernelResponse". [] []
[2014-06-17 18:04:50] event.DEBUG: Notified event "kernel.response" to listener "Sensio\Bundle\FrameworkExtraBundle\EventListener\CacheListener::onKernelResponse". [] []
[2014-06-17 18:04:50] event.DEBUG: Notified event "kernel.response" to listener "Symfony\Component\HttpKernel\EventListener\StreamedResponseListener::onKernelResponse". [] []
[2014-06-17 18:04:50] event.DEBUG: Notified event "kernel.terminate" to listener "Symfony\Bundle\SwiftmailerBundle\EventListener\EmailSenderListener::onTerminate". [] []
